# JRE version: OpenJDK Runtime Environment (17.0.9) (build 17.0.9+0--11185874)
# Java VM: OpenJDK 64-Bit Server VM (17.0.9+0--11185874, mixed mode, tiered, compressed oops, compressed class ptrs, g1 gc, windows-amd64)
GC Precious Log:
 CPUs: 8 total, 8 available
 Memory: 16163M
 Large Page Support: Disabled
 NUMA Support: Disabled
 Compressed Oops: Enabled (32-bit)
 Heap Region Size: 1M
 Heap Min Capacity: 8M
 Heap Initial Capacity: 254M
 Heap Max Capacity: 2G
 Pre-touch: Disabled
 Parallel Workers: 8
 Concurrent Workers: 2
 Concurrent Refinement Workers: 8
 Periodic GC: Disabled
Heap:
 garbage-first heap   total 109568K, used 61828K [0x0000000080000000, 0x0000000100000000)
  region size 1024K, 2 young (2048K), 2 survivors (2048K)
 Metaspace       used 60195K, committed 60800K, reserved 1114112K
  class space    used 8256K, committed 8576K, reserved 1048576K
GC Heap History (20 events):
Event: 4.608 GC heap after
{Heap after GC invocations=12 (full 0):
 garbage-first heap   total 86016K, used 30654K [0x0000000080000000, 0x0000000100000000)
  region size 1024K, 4 young (4096K), 4 survivors (4096K)
 Metaspace       used 45971K, committed 46336K, reserved 1114112K
  class space    used 6165K, committed 6336K, reserved 1048576K
}
Event: 5.124 GC heap before
{Heap before GC invocations=12 (full 0):
 garbage-first heap   total 86016K, used 65470K [0x0000000080000000, 0x0000000100000000)
  region size 1024K, 38 young (38912K), 4 survivors (4096K)
 Metaspace       used 50553K, committed 51072K, reserved 1114112K
  class space    used 6867K, committed 7104K, reserved 1048576K
}
Event: 5.128 GC heap after
{Heap after GC invocations=13 (full 0):
 garbage-first heap   total 86016K, used 32370K [0x0000000080000000, 0x0000000100000000)
  region size 1024K, 4 young (4096K), 4 survivors (4096K)
 Metaspace       used 50553K, committed 51072K, reserved 1114112K
  class space    used 6867K, committed 7104K, reserved 1048576K
}
Event: 5.729 GC heap before
{Heap before GC invocations=13 (full 0):
 garbage-first heap   total 86016K, used 67186K [0x0000000080000000, 0x0000000100000000)
  region size 1024K, 38 young (38912K), 4 survivors (4096K)
 Metaspace       used 54682K, committed 55168K, reserved 1114112K
  class space    used 7531K, committed 7744K, reserved 1048576K
}
Event: 5.735 GC heap after
{Heap after GC invocations=14 (full 0):
 garbage-first heap   total 86016K, used 34230K [0x0000000080000000, 0x0000000100000000)
  region size 1024K, 4 young (4096K), 4 survivors (4096K)
 Metaspace       used 54682K, committed 55168K, reserved 1114112K
  class space    used 7531K, committed 7744K, reserved 1048576K
}
Event: 6.276 GC heap before
{Heap before GC invocations=14 (full 0):
 garbage-first heap   total 86016K, used 66998K [0x0000000080000000, 0x0000000100000000)
  region size 1024K, 37 young (37888K), 4 survivors (4096K)
 Metaspace       used 56140K, committed 56704K, reserved 1114112K
  class space    used 7705K, committed 8000K, reserved 1048576K
}
Event: 6.282 GC heap after
{Heap after GC invocations=15 (full 0):
 garbage-first heap   total 86016K, used 38915K [0x0000000080000000, 0x0000000100000000)
  region size 1024K, 5 young (5120K), 5 survivors (5120K)
 Metaspace       used 56140K, committed 56704K, reserved 1114112K
  class space    used 7705K, committed 8000K, reserved 1048576K
}
Event: 6.405 GC heap before
{Heap before GC invocations=15 (full 0):
 garbage-first heap   total 86016K, used 48131K [0x0000000080000000, 0x0000000100000000)
  region size 1024K, 12 young (12288K), 5 survivors (5120K)
 Metaspace       used 56248K, committed 56832K, reserved 1114112K
  class space    used 7712K, committed 8000K, reserved 1048576K
}
Event: 6.409 GC heap after
{Heap after GC invocations=16 (full 0):
 garbage-first heap   total 86016K, used 45197K [0x0000000080000000, 0x0000000100000000)
  region size 1024K, 3 young (3072K), 3 survivors (3072K)
 Metaspace       used 56248K, committed 56832K, reserved 1114112K
  class space    used 7712K, committed 8000K, reserved 1048576K
}
Event: 6.520 GC heap before
{Heap before GC invocations=17 (full 0):
 garbage-first heap   total 87040K, used 51341K [0x0000000080000000, 0x0000000100000000)
  region size 1024K, 7 young (7168K), 3 survivors (3072K)
 Metaspace       used 56321K, committed 56896K, reserved 1114112K
  class space    used 7723K, committed 8000K, reserved 1048576K
}
Event: 6.521 GC heap after
{Heap after GC invocations=18 (full 0):
 garbage-first heap   total 87040K, used 51114K [0x0000000080000000, 0x0000000100000000)
  region size 1024K, 3 young (3072K), 3 survivors (3072K)
 Metaspace       used 56321K, committed 56896K, reserved 1114112K
  class space    used 7723K, committed 8000K, reserved 1048576K
}
Event: 6.625 GC heap before
{Heap before GC invocations=19 (full 0):
 garbage-first heap   total 102400K, used 58282K [0x0000000080000000, 0x0000000100000000)
  region size 1024K, 7 young (7168K), 3 survivors (3072K)
 Metaspace       used 56345K, committed 56896K, reserved 1114112K
  class space    used 7728K, committed 8000K, reserved 1048576K
}
Event: 6.626 GC heap after
{Heap after GC invocations=20 (full 0):
 garbage-first heap   total 102400K, used 57629K [0x0000000080000000, 0x0000000100000000)
  region size 1024K, 3 young (3072K), 3 survivors (3072K)
 Metaspace       used 56345K, committed 56896K, reserved 1114112K
  class space    used 7728K, committed 8000K, reserved 1048576K
}
Event: 6.832 GC heap before
{Heap before GC invocations=21 (full 0):
 garbage-first heap   total 102400K, used 70941K [0x0000000080000000, 0x0000000100000000)
  region size 1024K, 16 young (16384K), 3 survivors (3072K)
 Metaspace       used 57308K, committed 57920K, reserved 1114112K
  class space    used 7867K, committed 8192K, reserved 1048576K
}
Event: 6.834 GC heap after
{Heap after GC invocations=22 (full 0):
 garbage-first heap   total 102400K, used 59245K [0x0000000080000000, 0x0000000100000000)
  region size 1024K, 1 young (1024K), 1 survivors (1024K)
 Metaspace       used 57308K, committed 57920K, reserved 1114112K
  class space    used 7867K, committed 8192K, reserved 1048576K
}
Event: 6.875 GC heap before
{Heap before GC invocations=22 (full 0):
 garbage-first heap   total 102400K, used 60269K [0x0000000080000000, 0x0000000100000000)
  region size 1024K, 4 young (4096K), 1 survivors (1024K)
 Metaspace       used 57470K, committed 58048K, reserved 1114112K
  class space    used 7880K, committed 8192K, reserved 1048576K
}
Event: 6.876 GC heap after
{Heap after GC invocations=23 (full 0):
 garbage-first heap   total 102400K, used 59756K [0x0000000080000000, 0x0000000100000000)
  region size 1024K, 2 young (2048K), 2 survivors (2048K)
 Metaspace       used 57470K, committed 58048K, reserved 1114112K
  class space    used 7880K, committed 8192K, reserved 1048576K
}
Event: 7.084 GC heap before
{Heap before GC invocations=24 (full 0):
 garbage-first heap   total 109568K, used 75116K [0x0000000080000000, 0x0000000100000000)
  region size 1024K, 16 young (16384K), 2 survivors (2048K)
 Metaspace       used 58571K, committed 59136K, reserved 1114112K
  class space    used 8028K, committed 8320K, reserved 1048576K
}
Event: 7.085 GC heap after
{Heap after GC invocations=25 (full 0):
 garbage-first heap   total 109568K, used 61221K [0x0000000080000000, 0x0000000100000000)
  region size 1024K, 1 young (1024K), 1 survivors (1024K)
 Metaspace       used 58571K, committed 59136K, reserved 1114112K
  class space    used 8028K, committed 8320K, reserved 1048576K
}
Event: 7.348 GC heap before
{Heap before GC invocations=25 (full 0):
 garbage-first heap   total 109568K, used 78629K [0x0000000080000000, 0x0000000100000000)
  region size 1024K, 19 young (19456K), 1 survivors (1024K)
 Metaspace       used 60195K, committed 60800K, reserved 1114112K
  class space    used 8256K, committed 8576K, reserved 1048576K
}

