# JRE version: OpenJDK Runtime Environment (17.0.9) (build 17.0.9+0--11185874)
# Java VM: OpenJDK 64-Bit Server VM (17.0.9+0--11185874, mixed mode, tiered, compressed oops, compressed class ptrs, g1 gc, windows-amd64)
GC Precious Log:
 CPUs: 8 total, 8 available
 Memory: 16163M
 Large Page Support: Disabled
 NUMA Support: Disabled
 Compressed Oops: Enabled (32-bit)
 Heap Region Size: 1M
 Heap Min Capacity: 8M
 Heap Initial Capacity: 254M
 Heap Max Capacity: 2G
 Pre-touch: Disabled
 Parallel Workers: 8
 Concurrent Workers: 2
 Concurrent Refinement Workers: 8
 Periodic GC: Disabled
Heap:
 garbage-first heap   total 133120K, used 64813K [0x0000000080000000, 0x0000000100000000)
  region size 1024K, 35 young (35840K), 7 survivors (7168K)
 Metaspace       used 62708K, committed 63232K, reserved 1114112K
  class space    used 8527K, committed 8768K, reserved 1048576K
GC Heap History (20 events):
Event: 3.157 GC heap before
{Heap before GC invocations=4 (full 0):
 garbage-first heap   total 71680K, used 51781K [0x0000000080000000, 0x0000000100000000)
  region size 1024K, 42 young (43008K), 9 survivors (9216K)
 Metaspace       used 26532K, committed 26816K, reserved 1114112K
  class space    used 3412K, committed 3520K, reserved 1048576K
}
Event: 3.172 GC heap after
{Heap after GC invocations=5 (full 0):
 garbage-first heap   total 71680K, used 20667K [0x0000000080000000, 0x0000000100000000)
  region size 1024K, 3 young (3072K), 3 survivors (3072K)
 Metaspace       used 26532K, committed 26816K, reserved 1114112K
  class space    used 3412K, committed 3520K, reserved 1048576K
}
Event: 3.193 GC heap before
{Heap before GC invocations=5 (full 0):
 garbage-first heap   total 71680K, used 21691K [0x0000000080000000, 0x0000000100000000)
  region size 1024K, 4 young (4096K), 3 survivors (3072K)
 Metaspace       used 26643K, committed 26880K, reserved 1114112K
  class space    used 3436K, committed 3520K, reserved 1048576K
}
Event: 3.198 GC heap after
{Heap after GC invocations=6 (full 0):
 garbage-first heap   total 71680K, used 20836K [0x0000000080000000, 0x0000000100000000)
  region size 1024K, 1 young (1024K), 1 survivors (1024K)
 Metaspace       used 26643K, committed 26880K, reserved 1114112K
  class space    used 3436K, committed 3520K, reserved 1048576K
}
Event: 4.103 GC heap before
{Heap before GC invocations=6 (full 0):
 garbage-first heap   total 71680K, used 50532K [0x0000000080000000, 0x0000000100000000)
  region size 1024K, 30 young (30720K), 1 survivors (1024K)
 Metaspace       used 30712K, committed 30976K, reserved 1114112K
  class space    used 4090K, committed 4224K, reserved 1048576K
}
Event: 4.108 GC heap after
{Heap after GC invocations=7 (full 0):
 garbage-first heap   total 71680K, used 22149K [0x0000000080000000, 0x0000000100000000)
  region size 1024K, 2 young (2048K), 2 survivors (2048K)
 Metaspace       used 30712K, committed 30976K, reserved 1114112K
  class space    used 4090K, committed 4224K, reserved 1048576K
}
Event: 4.703 GC heap before
{Heap before GC invocations=7 (full 0):
 garbage-first heap   total 71680K, used 51845K [0x0000000080000000, 0x0000000100000000)
  region size 1024K, 32 young (32768K), 2 survivors (2048K)
 Metaspace       used 34704K, committed 34944K, reserved 1114112K
  class space    used 4719K, committed 4800K, reserved 1048576K
}
Event: 4.706 GC heap after
{Heap after GC invocations=8 (full 0):
 garbage-first heap   total 71680K, used 23549K [0x0000000080000000, 0x0000000100000000)
  region size 1024K, 4 young (4096K), 4 survivors (4096K)
 Metaspace       used 34704K, committed 34944K, reserved 1114112K
  class space    used 4719K, committed 4800K, reserved 1048576K
}
Event: 4.822 GC heap before
{Heap before GC invocations=8 (full 0):
 garbage-first heap   total 71680K, used 28669K [0x0000000080000000, 0x0000000100000000)
  region size 1024K, 10 young (10240K), 4 survivors (4096K)
 Metaspace       used 35636K, committed 35968K, reserved 1114112K
  class space    used 4851K, committed 4992K, reserved 1048576K
}
Event: 4.826 GC heap after
{Heap after GC invocations=9 (full 0):
 garbage-first heap   total 71680K, used 23807K [0x0000000080000000, 0x0000000100000000)
  region size 1024K, 2 young (2048K), 2 survivors (2048K)
 Metaspace       used 35636K, committed 35968K, reserved 1114112K
  class space    used 4851K, committed 4992K, reserved 1048576K
}
Event: 5.435 GC heap before
{Heap before GC invocations=10 (full 0):
 garbage-first heap   total 71680K, used 54527K [0x0000000080000000, 0x0000000100000000)
  region size 1024K, 33 young (33792K), 2 survivors (2048K)
 Metaspace       used 40931K, committed 41280K, reserved 1114112K
  class space    used 5419K, committed 5568K, reserved 1048576K
}
Event: 5.441 GC heap after
{Heap after GC invocations=11 (full 0):
 garbage-first heap   total 71680K, used 28150K [0x0000000080000000, 0x0000000100000000)
  region size 1024K, 5 young (5120K), 5 survivors (5120K)
 Metaspace       used 40931K, committed 41280K, reserved 1114112K
  class space    used 5419K, committed 5568K, reserved 1048576K
}
Event: 5.797 GC heap before
{Heap before GC invocations=11 (full 0):
 garbage-first heap   total 71680K, used 53750K [0x0000000080000000, 0x0000000100000000)
  region size 1024K, 31 young (31744K), 5 survivors (5120K)
 Metaspace       used 42114K, committed 42560K, reserved 1114112K
  class space    used 5594K, committed 5760K, reserved 1048576K
}
Event: 5.813 GC heap after
{Heap after GC invocations=12 (full 0):
 garbage-first heap   total 71680K, used 29554K [0x0000000080000000, 0x0000000100000000)
  region size 1024K, 2 young (2048K), 2 survivors (2048K)
 Metaspace       used 42114K, committed 42560K, reserved 1114112K
  class space    used 5594K, committed 5760K, reserved 1048576K
}
Event: 6.496 GC heap before
{Heap before GC invocations=12 (full 0):
 garbage-first heap   total 71680K, used 58226K [0x0000000080000000, 0x0000000100000000)
  region size 1024K, 28 young (28672K), 2 survivors (2048K)
 Metaspace       used 46026K, committed 46400K, reserved 1114112K
  class space    used 6169K, committed 6336K, reserved 1048576K
}
Event: 6.502 GC heap after
{Heap after GC invocations=13 (full 0):
 garbage-first heap   total 133120K, used 30991K [0x0000000080000000, 0x0000000100000000)
  region size 1024K, 4 young (4096K), 4 survivors (4096K)
 Metaspace       used 46026K, committed 46400K, reserved 1114112K
  class space    used 6169K, committed 6336K, reserved 1048576K
}
Event: 8.350 GC heap before
{Heap before GC invocations=13 (full 0):
 garbage-first heap   total 133120K, used 100623K [0x0000000080000000, 0x0000000100000000)
  region size 1024K, 72 young (73728K), 4 survivors (4096K)
 Metaspace       used 54671K, committed 55168K, reserved 1114112K
  class space    used 7524K, committed 7744K, reserved 1048576K
}
Event: 8.358 GC heap after
{Heap after GC invocations=14 (full 0):
 garbage-first heap   total 133120K, used 34360K [0x0000000080000000, 0x0000000100000000)
  region size 1024K, 7 young (7168K), 7 survivors (7168K)
 Metaspace       used 54671K, committed 55168K, reserved 1114112K
  class space    used 7524K, committed 7744K, reserved 1048576K
}
Event: 9.075 GC heap before
{Heap before GC invocations=14 (full 0):
 garbage-first heap   total 133120K, used 57912K [0x0000000080000000, 0x0000000100000000)
  region size 1024K, 31 young (31744K), 7 survivors (7168K)
 Metaspace       used 59672K, committed 60160K, reserved 1114112K
  class space    used 8165K, committed 8384K, reserved 1048576K
}
Event: 9.084 GC heap after
{Heap after GC invocations=15 (full 0):
 garbage-first heap   total 133120K, used 37165K [0x0000000080000000, 0x0000000100000000)
  region size 1024K, 7 young (7168K), 7 survivors (7168K)
 Metaspace       used 59672K, committed 60160K, reserved 1114112K
  class space    used 8165K, committed 8384K, reserved 1048576K
}

